0.60206 -3.8212
0.69897 -3.75853
0.778151 -3.71828
0.845098 -3.68638
0.90309 -3.67275
0.954243 -3.65291
1 -3.64477
1.04139 -3.6405
1.07918 -3.63217
1.11394 -3.61462
1.17609 -3.59371
1.20412 -3.57407
1.23045 -3.59969
1.27875 -3.55087
1.32222 -3.53301
1.36173 -3.52427
1.39794 -3.50399
1.43136 -3.51259
1.4624 -3.48198
1.50515 -3.47051
1.54407 -3.44624
1.57978 -3.42829
1.61278 -3.44594
1.65321 -3.43963
1.6902 -3.40996
1.73239 -3.35844
1.77085 -3.35307
1.80618 -3.39041
1.8451 -3.3098
1.88081 -3.35518
1.91908 -3.3586
1.95904 -3.25329
1.99564 -3.26339
2.03342 -3.31833
2.06819 -3.28918
